JvmtiExport can_access_local_variables 1
JvmtiExport can_hotswap_or_post_breakpoint 1
JvmtiExport can_post_on_exceptions 1
# 580 ciObject found
ciMethod java/lang/Object <init> ()V 4097 1 1414909 0 0
ciMethod java/lang/Object getClass ()Ljava/lang/Class; 2049 1 256 0 -1
ciMethod java/lang/Object hashCode ()I 2049 1 256 0 -1
ciMethod java/lang/Object equals (Ljava/lang/Object;)Z 233 1 19794 0 -1
ciMethod java/lang/String equals (Ljava/lang/Object;)Z 3225 10529 5563 0 -1
ciMethod java/lang/String startsWith (Ljava/lang/String;I)Z 3073 1473 10551 0 608
ciMethod java/lang/String endsWith (Ljava/lang/String;)Z 2081 1 87541 0 576
ciMethod java/lang/String hashCode ()I 2833 32769 4475 0 352
ciMethod java/lang/String toCharArray ()[C 2049 1 55351 0 288
ciMethod java/lang/Class isInstance (Ljava/lang/Object;)Z 2049 1 256 0 -1
ciMethod java/lang/Class isAnnotation ()Z 3073 1 2532 0 -1
ciMethod java/lang/Class getName ()Ljava/lang/String; 2209 1 192366 0 -1
ciMethod java/lang/Class getSuperclass ()Ljava/lang/Class; 2049 1 256 0 -1
ciMethod java/lang/Class getComponentType ()Ljava/lang/Class; 4121 1 515 0 -1
ciMethod java/lang/Class getModifiers ()I 2057 1 257 0 -1
ciMethod java/lang/Class getMethod (Ljava/lang/String;[Ljava/lang/Class;)Ljava/lang/reflect/Method; 2849 1 13745 1427 -1
ciMethod java/lang/Class getRawAnnotations ()[B 2049 1 256 0 -1
ciMethod java/lang/Class getConstantPool ()Lsun/reflect/ConstantPool; 2057 1 257 0 -1
ciMethod java/lang/Class isEnum ()Z 737 1 706 0 0
ciMethod java/lang/Class getEnumConstantsShared ()[Ljava/lang/Object; 2049 1 3646 0 0
ciMethod java/lang/Class enumConstantDirectory ()Ljava/util/Map; 2057 521 1552 0 0
ciMethod java/lang/Class getAnnotations ()[Ljava/lang/annotation/Annotation; 2169 1 12893 1 -1
ciMethod java/lang/Class annotationData ()Ljava/lang/Class$AnnotationData; 2209 1 5440 1 192
ciMethod java/lang/Class createAnnotationData (I)Ljava/lang/Class$AnnotationData; 249 1 1208 1 0
ciMethod java/lang/Class casAnnotationType (Lsun/reflect/annotation/AnnotationType;Lsun/reflect/annotation/AnnotationType;)Z 177 1 113 0 -1
ciMethod java/lang/Class getAnnotationType ()Lsun/reflect/annotation/AnnotationType; 1097 1 137 0 0
ciMethod java/lang/System arraycopy (Ljava/lang/Object;ILjava/lang/Object;II)V 16385 1 2048 0 -1
ciMethod java/lang/Throwable getCause ()Ljava/lang/Throwable; 9 1 2 0 0
ciMethod java/lang/RuntimeException <init> (Ljava/lang/String;Ljava/lang/Throwable;)V 97 1 12 0 -1
ciMethod java/util/Map size ()I 0 0 1 0 -1
ciMethod java/util/Map containsKey (Ljava/lang/Object;)Z 0 0 1 0 -1
ciMethod java/util/Map get (Ljava/lang/Object;)Ljava/lang/Object; 0 0 1 0 -1
ciMethod java/util/Map put (Ljava/lang/Object;Ljava/lang/Object;)Ljava/lang/Object; 0 0 1 0 -1
ciMethod java/util/Map putAll (Ljava/util/Map;)V 0 0 1 0 -1
ciMethod java/util/Map values ()Ljava/util/Collection; 0 0 1 0 -1
ciMethod java/util/Map entrySet ()Ljava/util/Set; 0 0 1 0 -1
ciMethod java/lang/reflect/Method getName ()Ljava/lang/String; 1025 1 128 0 -1
ciMethod java/lang/reflect/Method getModifiers ()I 2033 1 254 0 -1
ciMethod java/lang/reflect/Method getReturnType ()Ljava/lang/Class; 1025 1 128 0 -1
ciMethod java/lang/reflect/Method getParameterTypes ()[Ljava/lang/Class; 1593 1 123206 0 -1
ciMethod java/lang/reflect/Method invoke (Ljava/lang/Object;[Ljava/lang/Object;)Ljava/lang/Object; 28281 1 7920 1 -1
ciMethod java/lang/reflect/Method isSynthetic ()Z 16825 1 2103 0 -1
ciMethod java/lang/reflect/Method getDefaultValue ()Ljava/lang/Object; 2073 1 5854 0 -1
ciMethod sun/reflect/ConstantPool getClassAt (I)Ljava/lang/Class; 0 0 1 0 0
ciMethod sun/reflect/ConstantPool getIntAt (I)I 625 1 390 0 0
ciMethod sun/reflect/ConstantPool getLongAt (I)J 17 1 5 0 0
ciMethod sun/reflect/ConstantPool getFloatAt (I)F 0 0 1 0 0
ciMethod sun/reflect/ConstantPool getDoubleAt (I)D 0 0 1 0 0
ciMethod sun/reflect/ConstantPool getUTF8At (I)Ljava/lang/String; 2225 1 8382 0 0
ciMethod sun/reflect/ConstantPool getClassAt0 (Ljava/lang/Object;I)Ljava/lang/Class; 0 0 1 0 -1
ciMethod sun/reflect/ConstantPool getIntAt0 (Ljava/lang/Object;I)I 2065 1 258 0 -1
ciMethod sun/reflect/ConstantPool getLongAt0 (Ljava/lang/Object;I)J 81 1 5 0 -1
ciMethod sun/reflect/ConstantPool getFloatAt0 (Ljava/lang/Object;I)F 0 0 1 0 -1
ciMethod sun/reflect/ConstantPool getDoubleAt0 (Ljava/lang/Object;I)D 0 0 1 0 -1
ciMethod sun/reflect/ConstantPool getUTF8At0 (Ljava/lang/Object;I)Ljava/lang/String; 2049 1 256 0 -1
ciMethod java/lang/annotation/Annotation annotationType ()Ljava/lang/Class; 0 0 1 0 -1
ciMethod java/lang/StringBuilder <init> ()V 2065 1 140684 0 -1
ciMethod java/lang/StringBuilder <init> (Ljava/lang/String;)V 2073 1 26408 0 -1
ciMethod java/lang/StringBuilder append (Ljava/lang/String;)Ljava/lang/StringBuilder; 4097 1 469740 0 -1
ciMethod java/lang/StringBuilder append (C)Ljava/lang/StringBuilder; 3073 1 518042 0 -1
ciMethod java/lang/StringBuilder toString ()Ljava/lang/String; 2857 1 163146 0 -1
ciMethod sun/misc/Unsafe compareAndSwapObject (Ljava/lang/Object;JLjava/lang/Object;Ljava/lang/Object;)Z 2049 1 256 0 -1
ciMethod java/nio/Buffer <init> (IIII)V 609 1 5574 0 416
ciMethod java/nio/Buffer position (I)Ljava/nio/Buffer; 2057 1 5450 0 128
ciMethod java/nio/Buffer limit (I)Ljava/nio/Buffer; 1865 1 5676 0 0
ciMethod java/nio/Buffer nextGetIndex ()I 2041 1 5391 0 0
ciMethod java/nio/Buffer nextGetIndex (I)I 2241 1 5496 0 96
ciMethod java/lang/Boolean valueOf (Z)Ljava/lang/Boolean; 2049 1 8560 0 64
ciMethod java/lang/Character <init> (C)V 1025 1 128 0 -1
ciMethod java/lang/Character valueOf (C)Ljava/lang/Character; 2089 1 2841 0 0
ciMethod java/lang/Float valueOf (F)Ljava/lang/Float; 9 1 2 0 0
ciMethod java/lang/Float isNaN (F)Z 2145 1 7475 0 -1
ciMethod java/lang/Float <init> (F)V 9 1 2 0 -1
ciMethod java/lang/Number <init> ()V 4097 1 23079 0 0
ciMethod java/lang/Double valueOf (D)Ljava/lang/Double; 9 1 2 0 0
ciMethod java/lang/Double <init> (D)V 9 1 3 0 -1
ciMethod java/lang/Byte valueOf (B)Ljava/lang/Byte; 161 1 21 0 0
ciMethod java/lang/Short valueOf (S)Ljava/lang/Short; 9 1 2 0 0
ciMethod java/lang/Short <init> (S)V 1769 1 3682 0 -1
ciMethod java/lang/Integer valueOf (I)Ljava/lang/Integer; 2049 1 9639 0 192
ciMethod java/lang/Integer <init> (I)V 3177 1 18507 0 0
ciMethod java/lang/Long valueOf (J)Ljava/lang/Long; 361 1 157 0 0
ciMethod java/lang/Long <init> (J)V 2089 1 307 0 -1
ciMethod java/security/AccessController doPrivileged (Ljava/security/PrivilegedAction;)Ljava/lang/Object; 2049 1 256 0 -1
ciMethod java/util/Collection toArray ([Ljava/lang/Object;)[Ljava/lang/Object; 0 0 1 0 -1
ciMethod java/util/List isEmpty ()Z 0 0 1 0 -1
ciMethod java/util/List iterator ()Ljava/util/Iterator; 0 0 1 0 -1
ciMethod java/util/List add (Ljava/lang/Object;)Z 0 0 1 0 -1
ciMethod java/util/ArrayList <init> (I)V 2057 1 14620 0 -1
ciMethod java/util/Collections emptyIterator ()Ljava/util/Iterator; 2617 1 7481 0 0
ciMethod java/util/Collections emptySet ()Ljava/util/Set; 1545 1 17916 0 0
ciMethod java/util/Collections emptyMap ()Ljava/util/Map; 2465 1 3412 0 0
ciMethod java/util/Collections$EmptySet iterator ()Ljava/util/Iterator; 2049 1 6429 0 64
ciMethod java/util/Set iterator ()Ljava/util/Iterator; 0 0 1 0 -1
ciMethod java/util/Collections$EmptyMap size ()I 817 1 74 0 0
ciMethod java/util/Collections$EmptyMap entrySet ()Ljava/util/Set; 5721 1 710 0 0
ciMethod java/util/AbstractMap <init> ()V 2049 1 75020 0 32
ciMethod java/util/AbstractMap size ()I 0 0 1 0 -1
ciMethod sun/misc/SharedSecrets getJavaLangAccess ()Lsun/misc/JavaLangAccess; 945 1 16786 0 0
ciMethod java/util/HashMap hash (Ljava/lang/Object;)I 4097 1 159508 0 160
ciMethod java/util/HashMap comparableClassFor (Ljava/lang/Object;)Ljava/lang/Class; 8281 1 1282 0 -1
ciMethod java/util/HashMap compareComparables (Ljava/lang/Class;Ljava/lang/Object;Ljava/lang/Object;)I 0 0 1 0 -1
ciMethod java/util/HashMap tableSizeFor (I)I 2049 1 5379 0 128
ciMethod java/util/HashMap <init> (IF)V 1481 1 5343 0 384
ciMethod java/util/HashMap <init> (I)V 1305 1 26903 0 0
ciMethod java/util/HashMap <init> ()V 2169 1 65937 0 32
ciMethod java/util/HashMap putMapEntries (Ljava/util/Map;Z)V 18913 34281 10878 0 0
ciMethod java/util/HashMap size ()I 3073 1 384 0 0
ciMethod java/util/HashMap get (Ljava/lang/Object;)Ljava/lang/Object; 2177 1 38353 0 1056
ciMethod java/util/HashMap getNode (ILjava/lang/Object;)Ljava/util/HashMap$Node; 4097 81 12858 0 640
ciMethod java/util/HashMap put (Ljava/lang/Object;Ljava/lang/Object;)Ljava/lang/Object; 3537 1 48133 0 192
ciMethod java/util/HashMap putVal (ILjava/lang/Object;Ljava/lang/Object;ZZ)Ljava/lang/Object; 17457 1401 13698 0 2880
ciMethod java/util/HashMap resize ()[Ljava/util/HashMap$Node; 353 5105 16103 0 1536
ciMethod java/util/HashMap treeifyBin ([Ljava/util/HashMap$Node;I)V 1 1 12 0 -1
ciMethod java/util/HashMap putAll (Ljava/util/Map;)V 2049 1 2934 0 0
ciMethod java/util/HashMap newNode (ILjava/lang/Object;Ljava/lang/Object;Ljava/util/HashMap$Node;)Ljava/util/HashMap$Node; 2065 1 5410 0 -1
ciMethod java/util/HashMap afterNodeAccess (Ljava/util/HashMap$Node;)V 2049 1 1289 0 -1
ciMethod java/util/HashMap afterNodeInsertion (Z)V 2073 1 1317 0 -1
ciMethod java/util/Map$Entry getKey ()Ljava/lang/Object; 0 0 1 0 -1
ciMethod java/util/Map$Entry getValue ()Ljava/lang/Object; 0 0 1 0 -1
ciMethod java/util/HashMap$Node getKey ()Ljava/lang/Object; 3073 1 384 0 0
ciMethod java/util/HashMap$Node getValue ()Ljava/lang/Object; 1025 1 128 0 0
ciMethod java/lang/Math max (II)I 729 1 49328 0 -1
ciMethod java/lang/Math min (II)I 4097 1 144876 0 -1
ciMethod java/util/Iterator hasNext ()Z 0 0 1 0 -1
ciMethod java/util/Iterator next ()Ljava/lang/Object; 0 0 1 0 -1
ciMethod java/lang/Class$Atomic casAnnotationData (Ljava/lang/Class;Ljava/lang/Class$AnnotationData;Ljava/lang/Class$AnnotationData;)Z 249 1 1055 0 0
ciMethod java/lang/Class$AnnotationData <init> (Ljava/util/Map;Ljava/util/Map;I)V 2049 1 1207 0 0
ciMethod sun/reflect/annotation/AnnotationType getInstance (Ljava/lang/Class;)Lsun/reflect/annotation/AnnotationType; 2049 1 5179 0 0
ciMethod sun/reflect/annotation/AnnotationType <init> (Ljava/lang/Class;)V 177 337 113 0 0
ciMethod sun/reflect/annotation/AnnotationType invocationHandlerReturnType (Ljava/lang/Class;)Ljava/lang/Class; 2049 1 5388 0 -1
ciMethod sun/reflect/annotation/AnnotationType memberTypes ()Ljava/util/Map; 1025 1 128 0 0
ciMethod sun/reflect/annotation/AnnotationType members ()Ljava/util/Map; 0 0 1 0 -1
ciMethod sun/reflect/annotation/AnnotationType memberDefaults ()Ljava/util/Map; 1025 1 128 0 0
ciMethod sun/reflect/annotation/AnnotationType retention ()Ljava/lang/annotation/RetentionPolicy; 1025 1 128 0 0
ciMethod sun/reflect/annotation/AnnotationType isInherited ()Z 169 1 21 0 0
ciMethod java/lang/reflect/Modifier isPublic (I)Z 785 1 78452 0 -1
ciMethod java/lang/reflect/Modifier isAbstract (I)Z 2049 1 9530 0 -1
ciMethod java/nio/ByteBuffer <init> (IIII[BI)V 321 1 7663 0 576
ciMethod java/nio/ByteBuffer wrap ([BII)Ljava/nio/ByteBuffer; 49 1 6522 0 736
ciMethod java/nio/ByteBuffer wrap ([B)Ljava/nio/ByteBuffer; 49 1 6458 0 0
ciMethod java/nio/ByteBuffer get ()B 0 0 1 0 -1
ciMethod java/nio/ByteBuffer _get (I)B 0 0 1 0 -1
ciMethod java/nio/ByteBuffer getShort ()S 0 0 1 0 -1
ciMethod java/nio/ByteBuffer getInt ()I 0 0 1 0 -1
ciMethod java/nio/HeapByteBuffer <init> ([BII)V 49 1 6522 0 0
ciMethod java/nio/HeapByteBuffer ix (I)I 609 1 13635 0 0
ciMethod java/nio/HeapByteBuffer get ()B 2049 1 5391 0 192
ciMethod java/nio/HeapByteBuffer _get (I)B 2097 1 13400 0 0
ciMethod java/nio/HeapByteBuffer getShort ()S 2049 1 6490 0 384
ciMethod java/nio/Bits makeShort (BB)S 2049 1 6490 0 0
ciMethod java/nio/Bits getShortL (Ljava/nio/ByteBuffer;I)S 0 0 1 0 -1
ciMethod java/nio/Bits getShortB (Ljava/nio/ByteBuffer;I)S 2049 1 6490 0 0
ciMethod java/nio/Bits getShort (Ljava/nio/ByteBuffer;IZ)S 2041 1 6490 0 0
ciMethod java/nio/Bits byteOrder ()Ljava/nio/ByteOrder; 2049 1 7676 0 0
ciMethod java/util/LinkedHashMap <init> (I)V 3105 1 15670 0 0
ciMethod java/util/LinkedHashMap <init> ()V 2049 1 8938 0 0
ciMethod java/util/LinkedHashMap <init> (Ljava/util/Map;)V 2065 1 6282 0 0
ciMethod java/util/LinkedHashMap entrySet ()Ljava/util/Set; 2049 1 16501 0 192
ciMethod java/lang/Enum name ()Ljava/lang/String; 1153 1 144 0 0
ciMethod java/lang/Enum valueOf (Ljava/lang/Class;Ljava/lang/String;)Ljava/lang/Enum; 1809 1 1552 0 0
ciMethodData java/lang/Object <init> ()V 2 1414915 orig 264 72 50 104 92 0 0 0 0 128 4 184 7 0 0 0 0 32 1 0 0 0 0 0 0 0 0 0 0 0 0 0 0 0 0 0 0 0 0 0 0 0 0 0 0 0 0 0 0 0 0 0 0 0 0 0 0 0 0 0 0 0 0 0 0 0 0 0 0 0 0 0 0 0 0 0 0 0 0 0 0 77 68 79 32 101 120 116 114 97 32 100 97 116 97 32 108 111 99 107 0 0 0 0 0 0 0 0 0 0 0 0 0 0 0 0 0 0 0 0 0 0 0 0 0 0 0 0 0 0 0 0 0 0 0 0 0 0 0 0 0 0 0 0 0 0 0 0 0 0 0 0 0 0 0 0 0 0 0 0 0 0 0 0 0 0 0 0 0 0 0 0 0 0 0 0 0 0 0 0 0 0 0 0 0 0 0 0 0 0 0 0 0 0 0 0 0 0 0 0 0 0 0 0 0 0 0 0 0 0 0 0 0 0 0 0 0 0 2 0 0 25 168 172 0 1 0 0 0 0 0 0 0 0 0 0 0 2 0 0 0 0 0 3 0 1 0 0 0 0 0 0 0 255 255 255 255 0 0 0 0 0 0 0 0 data 0 oops 0
ciMethod sun/misc/JavaLangAccess getConstantPool (Ljava/lang/Class;)Lsun/reflect/ConstantPool; 0 0 1 0 -1
ciMethod sun/misc/JavaLangAccess casAnnotationType (Ljava/lang/Class;Lsun/reflect/annotation/AnnotationType;Lsun/reflect/annotation/AnnotationType;)Z 0 0 1 0 -1
ciMethod sun/misc/JavaLangAccess getAnnotationType (Ljava/lang/Class;)Lsun/reflect/annotation/AnnotationType; 0 0 1 0 -1
ciMethod sun/misc/JavaLangAccess getRawClassAnnotations (Ljava/lang/Class;)[B 0 0 1 0 -1
ciMethod java/lang/System$2 casAnnotationType (Ljava/lang/Class;Lsun/reflect/annotation/AnnotationType;Lsun/reflect/annotation/AnnotationType;)Z 177 1 113 0 0
ciMethod java/lang/System$2 getAnnotationType (Ljava/lang/Class;)Lsun/reflect/annotation/AnnotationType; 2041 1 5179 0 0
ciMethod java/lang/reflect/Array newInstance (Ljava/lang/Class;I)Ljava/lang/Object; 657 1 13797 0 0
ciMethod java/lang/reflect/Array newArray (Ljava/lang/Class;I)Ljava/lang/Object; 2065 1 258 0 -1
ciMethod java/util/HashMap$TreeNode root ()Ljava/util/HashMap$TreeNode; 0 0 1 0 0
ciMethod java/util/HashMap$TreeNode find (ILjava/lang/Object;Ljava/lang/Class;)Ljava/util/HashMap$TreeNode; 9473 13993 1519 0 0
ciMethod java/util/HashMap$TreeNode getTreeNode (ILjava/lang/Object;)Ljava/util/HashMap$TreeNode; 129 1 251 0 0
ciMethod java/util/HashMap$TreeNode putTreeVal (Ljava/util/HashMap;[Ljava/util/HashMap$Node;ILjava/lang/Object;Ljava/lang/Object;)Ljava/util/HashMap$TreeNode; 17 49 40 0 -1
ciMethod java/util/HashMap$TreeNode split (Ljava/util/HashMap;[Ljava/util/HashMap$Node;II)V 9 89 7 0 -1
ciMethodData java/lang/String hashCode ()I 2 48251 orig 264 72 50 104 92 0 0 0 0 80 80 184 7 0 0 0 0 152 1 0 0 32 0 0 0 0 0 0 0 0 0 0 0 0 0 0 0 0 0 0 0 0 0 0 0 0 0 0 0 0 0 0 0 0 0 0 0 0 0 0 0 0 0 0 0 0 0 0 0 0 0 0 0 0 0 0 0 0 0 0 0 77 68 79 32 101 120 116 114 97 32 100 97 116 97 32 108 111 99 107 0 0 0 0 0 0 0 0 0 0 0 0 0 0 0 0 0 0 0 0 0 0 0 0 0 0 0 0 0 0 0 0 0 0 0 0 0 0 0 0 0 0 0 0 0 1 0 0 0 0 0 0 0 0 0 0 0 0 0 0 0 0 0 0 0 0 0 0 0 0 0 0 0 0 0 0 0 0 0 0 1 0 0 0 0 0 0 0 0 0 0 0 0 0 0 0 0 0 0 0 0 0 0 0 0 0 0 0 0 0 0 0 0 0 0 0 0 0 16 0 0 201 128 0 0 217 99 5 0 168 5 0 0 85 114 0 0 2 0 0 0 1 0 11 0 2 0 0 0 120 0 0 0 255 255 255 255 7 0 6 0 0 0 0 0 data 15 0x60007 0xb2d 0x78 0x4ec 0xee007 0x1d 0x58 0x4d0 0x1e0007 0x4d0 0x38 0xac60 0x2d0003 0xac60 0xffffffffffffffe0 oops 0
ciMethodData java/util/HashMap hash (Ljava/lang/Object;)I 2 159508 orig 264 72 50 104 92 0 0 0 0 144 176 198 7 0 0 0 0 176 1 0 0 0 0 0 0 0 0 0 0 0 0 0 0 0 0 0 0 0 0 0 0 0 0 0 0 0 0 0 0 0 0 0 0 0 0 0 0 0 0 0 0 0 0 0 0 0 0 0 0 0 0 0 0 0 0 0 0 0 0 0 0 77 68 79 32 101 120 116 114 97 32 100 97 116 97 32 108 111 99 107 0 0 0 0 0 0 0 0 0 0 0 0 0 0 0 0 0 0 0 0 0 0 0 0 0 0 0 0 0 0 0 0 0 0 0 0 0 0 0 0 0 0 0 0 0 0 0 0 0 0 0 0 0 0 0 0 0 0 0 0 0 0 0 0 0 0 0 0 0 0 0 0 0 0 0 0 0 0 0 0 2 0 0 0 0 0 0 0 0 0 0 0 0 0 0 0 0 0 0 0 0 0 0 0 0 0 0 0 0 0 0 0 0 0 0 0 0 0 2 0 0 161 104 19 0 1 0 0 0 185 120 0 0 0 0 0 0 2 0 0 0 0 0 6 0 2 0 0 0 104 0 0 0 255 255 255 255 7 224 1 0 0 0 0 0 data 13 0x1e007 0x26d11 0x38 0x5 0x50003 0x5 0x48 0x90005 0x801f 0x2199b10 0x1ce69 0x2199ba0 0x1e8a oops 2